2024-03-31 00:13:36,677:WARNING:
'cuml' is a soft dependency and not included in the pycaret installation. Please run: `pip install cuml` to install.
2024-03-31 00:13:36,677:WARNING:
'cuml' is a soft dependency and not included in the pycaret installation. Please run: `pip install cuml` to install.
2024-03-31 00:13:36,677:WARNING:
'cuml' is a soft dependency and not included in the pycaret installation. Please run: `pip install cuml` to install.
2024-03-31 00:13:36,677:WARNING:
'cuml' is a soft dependency and not included in the pycaret installation. Please run: `pip install cuml` to install.
2024-03-31 00:15:32,697:WARNING:
'cuml' is a soft dependency and not included in the pycaret installation. Please run: `pip install cuml` to install.
2024-03-31 00:15:32,698:WARNING:
'cuml' is a soft dependency and not included in the pycaret installation. Please run: `pip install cuml` to install.
2024-03-31 00:15:32,698:WARNING:
'cuml' is a soft dependency and not included in the pycaret installation. Please run: `pip install cuml` to install.
2024-03-31 00:15:32,698:WARNING:
'cuml' is a soft dependency and not included in the pycaret installation. Please run: `pip install cuml` to install.
2024-03-31 00:15:56,418:INFO:PyCaret ClusteringExperiment
2024-03-31 00:15:56,418:INFO:Logging name: cluster-default-name
2024-03-31 00:15:56,418:INFO:ML Usecase: MLUsecase.CLUSTERING
2024-03-31 00:15:56,418:INFO:version 3.3.0
2024-03-31 00:15:56,418:INFO:Initializing setup()
2024-03-31 00:15:56,419:INFO:self.USI: 335c
2024-03-31 00:15:56,419:INFO:self._variable_keys: {'log_plots_param', 'idx', 'exp_id', 'data', 'exp_name_log', '_ml_usecase', 'gpu_param', 'X', 'n_jobs_param', 'pipeline', '_available_plots', 'seed', 'html_param', 'logging_param', 'gpu_n_jobs_param', 'memory', 'USI'}
2024-03-31 00:15:56,419:INFO:Checking environment
2024-03-31 00:15:56,419:INFO:python_version: 3.11.5
2024-03-31 00:15:56,419:INFO:python_build: ('main', 'Sep 11 2023 13:26:23')
2024-03-31 00:15:56,419:INFO:machine: AMD64
2024-03-31 00:15:56,419:INFO:platform: Windows-10-10.0.19045-SP0
2024-03-31 00:15:56,419:INFO:Memory: svmem(total=8547815424, available=652906496, percent=92.4, used=7894908928, free=652906496)
2024-03-31 00:15:56,419:INFO:Physical Core: 2
2024-03-31 00:15:56,419:INFO:Logical Core: 4
2024-03-31 00:15:56,420:INFO:Checking libraries
2024-03-31 00:15:56,420:INFO:System:
2024-03-31 00:15:56,420:INFO:    python: 3.11.5 | packaged by Anaconda, Inc. | (main, Sep 11 2023, 13:26:23) [MSC v.1916 64 bit (AMD64)]
2024-03-31 00:15:56,420:INFO:executable: c:\Users\Admin\anaconda3\python.exe
2024-03-31 00:15:56,420:INFO:   machine: Windows-10-10.0.19045-SP0
2024-03-31 00:15:56,420:INFO:PyCaret required dependencies:
2024-03-31 00:16:00,099:INFO:                 pip: 23.2.1
2024-03-31 00:16:00,099:INFO:          setuptools: 68.0.0
2024-03-31 00:16:00,099:INFO:             pycaret: 3.3.0
2024-03-31 00:16:00,099:INFO:             IPython: 8.15.0
2024-03-31 00:16:00,099:INFO:          ipywidgets: 8.0.4
2024-03-31 00:16:00,099:INFO:                tqdm: 4.65.0
2024-03-31 00:16:00,099:INFO:               numpy: 1.24.3
2024-03-31 00:16:00,099:INFO:              pandas: 2.0.3
2024-03-31 00:16:00,099:INFO:              jinja2: 3.1.2
2024-03-31 00:16:00,099:INFO:               scipy: 1.11.1
2024-03-31 00:16:00,099:INFO:              joblib: 1.1.1
2024-03-31 00:16:00,099:INFO:             sklearn: 1.4.1.post1
2024-03-31 00:16:00,099:INFO:                pyod: 1.1.3
2024-03-31 00:16:00,100:INFO:            imblearn: 0.12.0
2024-03-31 00:16:00,100:INFO:   category_encoders: 2.6.3
2024-03-31 00:16:00,100:INFO:            lightgbm: 4.3.0
2024-03-31 00:16:00,100:INFO:               numba: 0.57.1
2024-03-31 00:16:00,100:INFO:            requests: 2.31.0
2024-03-31 00:16:00,100:INFO:          matplotlib: 3.7.2
2024-03-31 00:16:00,100:INFO:          scikitplot: 0.3.7
2024-03-31 00:16:00,100:INFO:         yellowbrick: 1.5
2024-03-31 00:16:00,100:INFO:              plotly: 5.20.0
2024-03-31 00:16:00,100:INFO:    plotly-resampler: Not installed
2024-03-31 00:16:00,100:INFO:             kaleido: 0.2.1
2024-03-31 00:16:00,100:INFO:           schemdraw: 0.15
2024-03-31 00:16:00,100:INFO:         statsmodels: 0.14.0
2024-03-31 00:16:00,100:INFO:              sktime: 0.28.0
2024-03-31 00:16:00,100:INFO:               tbats: 1.1.3
2024-03-31 00:16:00,100:INFO:            pmdarima: 2.0.4
2024-03-31 00:16:00,100:INFO:              psutil: 5.9.0
2024-03-31 00:16:00,100:INFO:          markupsafe: 2.1.1
2024-03-31 00:16:00,100:INFO:             pickle5: Not installed
2024-03-31 00:16:00,100:INFO:         cloudpickle: 2.2.1
2024-03-31 00:16:00,101:INFO:         deprecation: 2.1.0
2024-03-31 00:16:00,101:INFO:              xxhash: 2.0.2
2024-03-31 00:16:00,101:INFO:           wurlitzer: Not installed
2024-03-31 00:16:00,101:INFO:PyCaret optional dependencies:
2024-03-31 00:16:00,122:INFO:                shap: Not installed
2024-03-31 00:16:00,122:INFO:           interpret: Not installed
2024-03-31 00:16:00,122:INFO:                umap: Not installed
2024-03-31 00:16:00,122:INFO:     ydata_profiling: Not installed
2024-03-31 00:16:00,122:INFO:  explainerdashboard: Not installed
2024-03-31 00:16:00,122:INFO:             autoviz: Not installed
2024-03-31 00:16:00,125:INFO:           fairlearn: Not installed
2024-03-31 00:16:00,126:INFO:          deepchecks: Not installed
2024-03-31 00:16:00,126:INFO:             xgboost: Not installed
2024-03-31 00:16:00,126:INFO:            catboost: Not installed
2024-03-31 00:16:00,126:INFO:              kmodes: Not installed
2024-03-31 00:16:00,126:INFO:             mlxtend: Not installed
2024-03-31 00:16:00,126:INFO:       statsforecast: Not installed
2024-03-31 00:16:00,126:INFO:        tune_sklearn: Not installed
2024-03-31 00:16:00,126:INFO:                 ray: Not installed
2024-03-31 00:16:00,127:INFO:            hyperopt: Not installed
2024-03-31 00:16:00,127:INFO:              optuna: Not installed
2024-03-31 00:16:00,127:INFO:               skopt: Not installed
2024-03-31 00:16:00,127:INFO:              mlflow: Not installed
2024-03-31 00:16:00,127:INFO:              gradio: Not installed
2024-03-31 00:16:00,127:INFO:             fastapi: Not installed
2024-03-31 00:16:00,127:INFO:             uvicorn: Not installed
2024-03-31 00:16:00,127:INFO:              m2cgen: Not installed
2024-03-31 00:16:00,127:INFO:           evidently: Not installed
2024-03-31 00:16:00,127:INFO:               fugue: Not installed
2024-03-31 00:16:00,127:INFO:           streamlit: Not installed
2024-03-31 00:16:00,127:INFO:             prophet: Not installed
2024-03-31 00:16:00,127:INFO:None
2024-03-31 00:16:00,127:INFO:Set up data.
2024-03-31 00:16:00,153:INFO:Set up index.
2024-03-31 00:16:00,164:INFO:Assigning column types.
2024-03-31 00:16:00,196:INFO:Engine successfully changes for model 'kmeans' to 'sklearn'.
2024-03-31 00:16:00,196:INFO:Engine for model 'dbscan' has not been set explicitly, hence returning None.
2024-03-31 00:16:00,196:WARNING:
'kmodes' is a soft dependency and not included in the pycaret installation. Please run: `pip install kmodes` to install.
Alternately, you can install this by running `pip install pycaret[models]`
2024-03-31 00:16:00,196:INFO:Engine for model 'dbscan' has not been set explicitly, hence returning None.
2024-03-31 00:16:00,197:WARNING:
'kmodes' is a soft dependency and not included in the pycaret installation. Please run: `pip install kmodes` to install.
Alternately, you can install this by running `pip install pycaret[models]`
2024-03-31 00:16:00,197:INFO:Engine successfully changes for model 'dbscan' to 'sklearn'.
2024-03-31 00:16:00,197:WARNING:
'kmodes' is a soft dependency and not included in the pycaret installation. Please run: `pip install kmodes` to install.
Alternately, you can install this by running `pip install pycaret[models]`
2024-03-31 00:16:00,197:WARNING:
'kmodes' is a soft dependency and not included in the pycaret installation. Please run: `pip install kmodes` to install.
Alternately, you can install this by running `pip install pycaret[models]`
2024-03-31 00:16:00,199:INFO:Preparing preprocessing pipeline...
2024-03-31 00:16:00,199:INFO:Set up simple imputation.
2024-03-31 00:16:00,281:INFO:Finished creating preprocessing pipeline.
2024-03-31 00:16:00,304:INFO:Pipeline: Pipeline(memory=FastMemory(location=C:\Users\Admin\AppData\Local\Temp\joblib),
         steps=[('numerical_imputer',
                 TransformerWrapper(include=['Recency', 'Frequency',
                                             'Monetary'],
                                    transformer=SimpleImputer())),
                ('categorical_imputer',
                 TransformerWrapper(include=[],
                                    transformer=SimpleImputer(strategy='most_frequent')))])
2024-03-31 00:16:00,304:INFO:Creating final display dataframe.
2024-03-31 00:16:00,353:INFO:Setup _display_container:                Description                 Value
0               Session id                   123
1      Original data shape             (5878, 3)
2   Transformed data shape             (5878, 3)
3         Numeric features                     3
4               Preprocess                  True
5          Imputation type                simple
6       Numeric imputation                  mean
7   Categorical imputation                  mode
8                 CPU Jobs                    -1
9                  Use GPU                 False
10          Log Experiment                 False
11         Experiment Name  cluster-default-name
12                     USI                  335c
2024-03-31 00:16:00,367:WARNING:
'kmodes' is a soft dependency and not included in the pycaret installation. Please run: `pip install kmodes` to install.
Alternately, you can install this by running `pip install pycaret[models]`
2024-03-31 00:16:00,367:WARNING:
'kmodes' is a soft dependency and not included in the pycaret installation. Please run: `pip install kmodes` to install.
Alternately, you can install this by running `pip install pycaret[models]`
2024-03-31 00:16:00,398:WARNING:c:\Users\Admin\anaconda3\Lib\site-packages\pycaret\internal\metrics.py:51: FutureWarning: The `needs_threshold` and `needs_proba` parameter are deprecated in version 1.4 and will be removed in 1.6. You can either let `response_method` be `None` or set it to `predict` to preserve the same behaviour.
  warnings.warn(

2024-03-31 00:16:00,399:INFO:setup() successfully completed in 4.22s...............
2024-03-31 00:16:00,411:INFO:Initializing create_model()
2024-03-31 00:16:00,411:INFO:create_model(self=<pycaret.clustering.oop.ClusteringExperiment object at 0x000001C9FF699B90>, estimator=kmeans, num_clusters=4, fraction=0.05, ground_truth=None, round=4, fit_kwargs=None, experiment_custom_tags=None, verbose=True, system=True, add_to_model_list=True, raise_num_clusters=False, display=None, kwargs={})
2024-03-31 00:16:00,411:INFO:Checking exceptions
2024-03-31 00:16:00,488:INFO:Importing untrained model
2024-03-31 00:16:00,500:INFO:K-Means Clustering Imported successfully
2024-03-31 00:16:00,509:INFO:Fitting Model
2024-03-31 00:16:05,693:INFO:KMeans(n_clusters=4, random_state=123)
2024-03-31 00:16:05,694:INFO:create_models() successfully completed......................................
2024-03-31 00:16:05,938:INFO:Uploading results into container
2024-03-31 00:16:05,945:INFO:Uploading model into container now
2024-03-31 00:16:05,995:INFO:_master_model_container: 1
2024-03-31 00:16:05,996:INFO:_display_container: 2
2024-03-31 00:16:05,997:INFO:KMeans(n_clusters=4, random_state=123)
2024-03-31 00:16:05,997:INFO:create_model() successfully completed......................................
2024-03-31 00:16:09,563:INFO:Initializing evaluate_model()
2024-03-31 00:16:09,563:INFO:evaluate_model(self=<pycaret.clustering.oop.ClusteringExperiment object at 0x000001C9FF699B90>, estimator=KMeans(n_clusters=4, random_state=123), fold=None, fit_kwargs=None, plot_kwargs=None, feature_name=None, groups=None)
2024-03-31 00:16:09,712:INFO:Initializing plot_model()
2024-03-31 00:16:09,713:INFO:plot_model(self=<pycaret.clustering.oop.ClusteringExperiment object at 0x000001C9FF699B90>, estimator=KMeans(n_clusters=4, random_state=123), plot=pipeline, scale=1, save=False, fold=None, fit_kwargs={}, plot_kwargs=None, groups=None, feature_name=None, label=False, verbose=False, system=True, display=None, display_format=None)
2024-03-31 00:16:09,713:INFO:Checking exceptions
2024-03-31 00:16:09,715:INFO:Preloading libraries
2024-03-31 00:16:09,716:INFO:Copying training dataset
2024-03-31 00:16:09,716:INFO:Plot type: pipeline
2024-03-31 00:16:10,845:INFO:Visual Rendered Successfully
2024-03-31 00:16:10,985:INFO:plot_model() successfully completed......................................
2024-03-31 00:16:11,067:INFO:Initializing plot_model()
2024-03-31 00:16:11,068:INFO:plot_model(self=<pycaret.clustering.oop.ClusteringExperiment object at 0x000001C9FF699B90>, estimator=KMeans(n_clusters=4, random_state=123), plot=elbow, scale=1, save=False, fold=None, fit_kwargs=None, plot_kwargs=None, groups=None, feature_name=None, label=False, verbose=True, system=True, display=None, display_format=None)
2024-03-31 00:16:11,068:INFO:Checking exceptions
2024-03-31 00:16:11,076:INFO:Preloading libraries
2024-03-31 00:16:11,077:INFO:Copying training dataset
2024-03-31 00:16:11,077:INFO:Plot type: elbow
2024-03-31 00:16:11,404:INFO:Fitting Model
2024-03-31 00:16:13,630:INFO:Visual Rendered Successfully
2024-03-31 00:16:13,794:INFO:plot_model() successfully completed......................................
2024-03-31 00:16:13,870:INFO:Initializing plot_model()
2024-03-31 00:16:13,870:INFO:plot_model(self=<pycaret.clustering.oop.ClusteringExperiment object at 0x000001C9FF699B90>, estimator=KMeans(n_clusters=4, random_state=123), plot=silhouette, scale=1, save=False, fold=None, fit_kwargs=None, plot_kwargs=None, groups=None, feature_name=None, label=False, verbose=True, system=True, display=None, display_format=None)
2024-03-31 00:16:13,871:INFO:Checking exceptions
2024-03-31 00:16:13,880:INFO:Preloading libraries
2024-03-31 00:16:13,880:INFO:Copying training dataset
2024-03-31 00:16:13,880:INFO:Plot type: silhouette
2024-03-31 00:16:13,914:INFO:Fitting Model
2024-03-31 00:16:13,938:WARNING:c:\Users\Admin\anaconda3\Lib\site-packages\sklearn\base.py:493: UserWarning: X does not have valid feature names, but KMeans was fitted with feature names
  warnings.warn(

2024-03-31 00:16:17,831:INFO:Visual Rendered Successfully
2024-03-31 00:16:17,982:INFO:plot_model() successfully completed......................................
2024-03-31 00:16:18,058:INFO:Initializing assign_model()
2024-03-31 00:16:18,058:INFO:assign_model(self=<pycaret.clustering.oop.ClusteringExperiment object at 0x000001C9FF699B90>, model=KMeans(n_clusters=4, random_state=123), transformation=False, score=True, verbose=True)
2024-03-31 00:16:18,058:INFO:Checking exceptions
2024-03-31 00:16:18,059:INFO:Determining Trained Model
2024-03-31 00:16:18,060:INFO:Trained Model : K-Means Clustering
2024-03-31 00:16:18,060:INFO:Copying data
2024-03-31 00:16:18,069:INFO:(5878, 4)
2024-03-31 00:16:18,069:INFO:assign_model() successfully completed......................................
